2023-01-31 14:39:26,194 <INFO>: 服务器已开启, ip:0.0.0.0 port:37202
2023-01-31 14:39:39,402 <INFO>: 客户端: ('192.168.1.103', 46272) 链接, 分派线程 Englite3TCP_1
2023-01-31 14:39:39,411 <INFO>: Englite3TCP_1 addr=('192.168.1.103', 46272) username=whis 身份验证成功
2023-01-31 14:39:39,413 <INFO>: Englite3TCP_1 addr=('192.168.1.103', 46272) query database list.
2023-01-31 14:39:39,413 <INFO>: 线程Englite3TCP_1socket已关闭. 且线程结束
2023-01-31 14:39:40,766 <INFO>: 客户端: ('192.168.1.103', 46274) 链接, 分派线程 Englite3TCP_2
2023-01-31 14:39:40,772 <INFO>: Englite3TCP_2 addr=('192.168.1.103', 46274) username=whis 身份验证成功
2023-01-31 14:39:40,773 <INFO>: Englite3TCP_2 addr=('192.168.1.103', 46274) wanna download database, name = civi.db
2023-01-31 14:39:40,777 <WARNING>: send settler
2023-01-31 14:39:40,777 <WARNING>: send continent
2023-01-31 14:39:40,777 <WARNING>: send warrior
2023-01-31 14:39:40,778 <WARNING>: send tile
2023-01-31 14:39:40,778 <WARNING>: send found
2023-01-31 14:39:40,778 <WARNING>: send monument
2023-01-31 14:39:40,778 <WARNING>: send scout
2023-01-31 14:39:40,778 <WARNING>: send husbandry
2023-01-31 14:39:40,779 <WARNING>: send pasture
2023-01-31 14:39:40,779 <WARNING>: send desert
2023-01-31 14:39:40,779 <WARNING>: send floodplain
2023-01-31 14:39:40,779 <WARNING>: send pottery
2023-01-31 14:39:40,779 <WARNING>: send luxury
2023-01-31 14:39:40,780 <WARNING>: send honey
2023-01-31 14:39:40,780 <WARNING>: send code of laws
2023-01-31 14:39:40,780 <WARNING>: send faith
2023-01-31 14:39:40,780 <WARNING>: send recon
2023-01-31 14:39:40,780 <WARNING>: send combat
2023-01-31 14:39:40,781 <WARNING>: send granary
2023-01-31 14:39:40,781 <WARNING>: send maize
2023-01-31 14:39:40,781 <WARNING>: send economic
2023-01-31 14:39:40,781 <WARNING>: send military
2023-01-31 14:39:40,782 <WARNING>: send maritime industries
2023-01-31 14:39:40,782 <WARNING>: send maritime
2023-01-31 14:39:40,782 <WARNING>: send industry
2023-01-31 14:39:40,783 <WARNING>: send joint
2023-01-31 14:39:40,783 <WARNING>: send ongoing
2023-01-31 14:39:40,783 <WARNING>: send order
2023-01-31 14:39:40,783 <WARNING>: send naval
2023-01-31 14:39:40,783 <WARNING>: send quarry
2023-01-31 14:39:40,784 <WARNING>: send chop
2023-01-31 14:39:40,784 <WARNING>: send copper
2023-01-31 14:39:40,784 <WARNING>: send craftmanship
2023-01-31 14:39:40,784 <WARNING>: send agoge
2023-01-31 14:39:40,784 <WARNING>: send rainforest
2023-01-31 14:39:40,785 <WARNING>: send wheat
2023-01-31 14:39:40,785 <WARNING>: send jade
2023-01-31 14:39:40,785 <WARNING>: send incense
2023-01-31 14:39:40,785 <WARNING>: send recommended
2023-01-31 14:39:40,786 <WARNING>: send improvement
2023-01-31 14:39:40,786 <WARNING>: send olives
2023-01-31 14:39:40,786 <WARNING>: send trader
2023-01-31 14:39:40,786 <WARNING>: send slinger
2023-01-31 14:39:40,786 <WARNING>: send sling
2023-01-31 14:39:40,787 <WARNING>: send tundra
2023-01-31 14:39:40,787 <WARNING>: send tobacco
2023-01-31 14:39:40,787 <WARNING>: send cattle
2023-01-31 14:39:40,787 <WARNING>: send salt
2023-01-31 14:39:40,787 <WARNING>: send amber
2023-01-31 14:39:40,788 <WARNING>: send crab
2023-01-31 14:39:40,788 <WARNING>: send campus
2023-01-31 14:39:40,788 <WARNING>: send library
2023-01-31 14:39:40,788 <WARNING>: send grassland
2023-01-31 14:39:40,788 <WARNING>: send geothermal
2023-01-31 14:39:40,789 <WARNING>: send fissure
2023-01-31 14:39:40,789 <WARNING>: send sugar
2023-01-31 14:39:40,789 <WARNING>: send empire
2023-01-31 14:39:40,789 <WARNING>: send diplomatic
2023-01-31 14:39:40,789 <WARNING>: send duke
2023-01-31 14:39:40,790 <WARNING>: send delegation
2023-01-31 14:39:40,790 <WARNING>: send commend
2023-01-31 14:39:40,790 <WARNING>: send aid
2023-01-31 14:39:40,790 <WARNING>: send city-state
2023-01-31 14:39:40,790 <WARNING>: send whale
2023-01-31 14:39:40,791 <WARNING>: send colonization
2023-01-31 14:39:40,791 <WARNING>: send governor
2023-01-31 14:39:40,791 <WARNING>: send commercial
2023-01-31 14:39:40,791 <WARNING>: send hub
2023-01-31 14:39:40,791 <WARNING>: send aurora
2023-01-31 14:39:40,792 <WARNING>: send divine
2023-01-31 14:39:40,792 <WARNING>: send idol
2023-01-31 14:39:40,792 <WARNING>: send religious
2023-01-31 14:39:40,792 <WARNING>: send festival
2023-01-31 14:39:40,792 <WARNING>: send initiation
2023-01-31 14:39:40,793 <WARNING>: send rite
2023-01-31 14:39:40,793 <WARNING>: send initiation rites
2023-01-31 14:39:40,793 <WARNING>: send craftsmen
2023-01-31 14:39:40,794 <WARNING>: send patron
2023-01-31 14:39:40,794 <WARNING>: send goddess
2023-01-31 14:39:40,794 <WARNING>: send spark
2023-01-31 14:39:40,794 <WARNING>: send cliff
2023-01-31 14:39:40,794 <WARNING>: send furs
2023-01-31 14:39:40,795 <WARNING>: send antarctic
2023-01-31 14:39:40,795 <WARNING>: send award
2023-01-31 14:39:40,795 <WARNING>: send plaza
2023-01-31 14:39:40,795 <WARNING>: send district
2023-01-31 14:39:40,795 <WARNING>: send conscription
2023-01-31 14:39:40,796 <WARNING>: send conscript
2023-01-31 14:39:40,796 <WARNING>: send corvee
2023-01-31 14:39:40,796 <WARNING>: send state
2023-01-31 14:39:40,796 <WARNING>: send era
2023-01-31 14:39:40,797 <WARNING>: send ancient
2023-01-31 14:39:40,797 <WARNING>: send classical
2023-01-31 14:39:40,797 <WARNING>: send mining
2023-01-31 14:39:40,797 <WARNING>: send opportunity
2023-01-31 14:39:40,798 <WARNING>: send archery
2023-01-31 14:39:40,798 <WARNING>: send caravansary
2023-01-31 14:39:40,798 <WARNING>: send wine
2023-01-31 14:39:40,798 <WARNING>: send marsh
2023-01-31 14:39:40,798 <WARNING>: send astrology
2023-01-31 14:39:40,799 <WARNING>: send cotton
2023-01-31 14:39:40,799 <WARNING>: send political
2023-01-31 14:39:40,799 <WARNING>: send philosophy
2023-01-31 14:39:40,800 <WARNING>: send masonry
2023-01-31 14:39:40,800 <WARNING>: send diamond
2023-01-31 14:39:40,800 <WARNING>: send oligarchy
2023-01-31 14:39:40,800 <WARNING>: send autocracy
2023-01-31 14:39:40,801 <WARNING>: send cracy
2023-01-31 14:39:40,801 <WARNING>: send irrigation
2023-01-31 14:39:40,801 <WARNING>: send plantation
2023-01-31 14:39:40,801 <WARNING>: send currency
2023-01-31 14:39:40,801 <WARNING>: send canal
2023-01-31 14:39:40,802 <WARNING>: send maneuver
2023-01-31 14:39:40,802 <WARNING>: send gypsum
2023-01-31 14:39:40,802 <WARNING>: send stable
2023-01-31 14:39:40,802 <WARNING>: send meteor
2023-01-31 14:39:40,802 <WARNING>: send bronze
2023-01-31 14:39:40,802 <WARNING>: send barrack
2023-01-31 14:39:40,803 <WARNING>: send encampment
2023-01-31 14:39:40,803 <WARNING>: send spearman
2023-01-31 14:39:40,803 <WARNING>: send recreation
2023-01-31 14:39:40,803 <WARNING>: send entertainment
2023-01-31 14:39:40,803 <WARNING>: send arena
2023-01-31 14:39:40,804 <WARNING>: send folklore
2023-01-31 14:39:40,804 <WARNING>: send religion
2023-01-31 14:39:40,804 <WARNING>: send drama
2023-01-31 14:39:40,804 <WARNING>: send poetry
2023-01-31 14:39:40,804 <WARNING>: send amphitheater
2023-01-31 14:39:40,804 <WARNING>: send horseman
2023-01-31 14:39:40,805 <WARNING>: send mathematics
2023-01-31 14:39:40,805 <WARNING>: send consulate
2023-01-31 14:39:40,805 <WARNING>: send engineering
2023-01-31 14:39:40,805 <WARNING>: send swordsman
2023-01-31 14:39:40,805 <WARNING>: send water mill
2023-01-31 14:39:40,806 <WARNING>: send mill
2023-01-31 14:39:40,806 <WARNING>: send chariot
2023-01-31 14:39:40,806 <WARNING>: send lavra
2023-01-31 14:39:40,806 <WARNING>: send galley
2023-01-31 14:39:40,806 <WARNING>: send quarter
2023-01-31 14:39:40,806 <WARNING>: send theology
2023-01-31 14:39:40,807 <WARNING>: send temple
2023-01-31 14:39:40,807 <WARNING>: send scripture
2023-01-31 14:39:40,807 <WARNING>: send bastion
2023-01-31 14:39:40,807 <WARNING>: send limes
2023-01-31 14:39:40,807 <WARNING>: send defensive
2023-01-31 14:39:40,808 <WARNING>: send tactic
2023-01-31 14:39:40,808 <WARNING>: send feudalism
2023-01-31 14:39:40,808 <WARNING>: send feudal
2023-01-31 14:39:40,808 <WARNING>: send contract
2023-01-31 14:39:40,808 <WARNING>: send serfdom
2023-01-31 14:39:40,808 <WARNING>: send apprenticeship
2023-01-31 14:39:40,809 <WARNING>: send workshop
2023-01-31 14:39:40,809 <WARNING>: send amenity
2023-01-31 14:39:40,809 <WARNING>: send celestial
2023-01-31 14:39:40,809 <WARNING>: send navigation
2023-01-31 14:39:40,809 <WARNING>: send lighthouse
2023-01-31 14:39:40,810 <WARNING>: send harbor
2023-01-31 14:39:40,810 <WARNING>: send aqueduct
2023-01-31 14:39:40,810 <WARNING>: send strategic
2023-01-31 14:39:40,810 <WARNING>: send melee
2023-01-31 14:39:40,810 <WARNING>: send ranged
2023-01-31 14:39:40,811 <WARNING>: send condemn
2023-01-31 14:39:40,811 <WARNING>: send boat
2023-01-31 14:39:40,811 <WARNING>: send shrine
2023-01-31 14:39:40,811 <WARNING>: send holy
2023-01-31 14:39:40,811 <WARNING>: send horse
2023-01-31 14:39:40,811 <WARNING>: send deer
2023-01-31 14:39:40,812 <WARNING>: send mine
2023-01-31 14:39:40,812 <WARNING>: send batter
2023-01-31 14:39:40,812 <WARNING>: send ram
2023-01-31 14:39:40,812 <WARNING>: send battering ram
2023-01-31 14:39:40,812 <WARNING>: send iron
2023-01-31 14:39:40,813 <WARNING>: send camp
2023-01-31 14:39:40,813 <WARNING>: send fish
2023-01-31 14:39:40,813 <WARNING>: send market
2023-01-31 14:39:40,813 <WARNING>: send lumber
2023-01-31 14:39:40,813 <WARNING>: send lumber mill
2023-01-31 14:39:40,814 <WARNING>: send catapult
2023-01-31 14:39:40,814 <WARNING>: send mounted
2023-01-31 14:39:40,814 <WARNING>: send man at arms
2023-01-31 14:39:40,814 <WARNING>: send horseback
2023-01-31 14:39:40,814 <WARNING>: send horseback riding
2023-01-31 14:39:40,815 <WARNING>: send celestial navigation
2023-01-31 14:39:40,815 <WARNING>: send wheel
2023-01-31 14:39:40,815 <WARNING>: send sailing
2023-01-31 14:39:40,815 <WARNING>: send embark
2023-01-31 14:39:40,815 <WARNING>: send bonus
2023-01-31 14:39:40,816 <WARNING>: send harvest
2023-01-31 14:39:40,816 <WARNING>: send wood
2023-01-31 14:39:40,816 <WARNING>: send reveal
2023-01-31 14:39:40,816 <WARNING>: send stone
2023-01-31 14:39:40,816 <WARNING>: send movement
2023-01-31 14:39:40,817 <WARNING>: send shipbuilding
2023-01-31 14:39:40,817 <WARNING>: send discipline
2023-01-31 14:39:40,817 <WARNING>: send survey
2023-01-31 14:39:40,817 <WARNING>: send urban planning
2023-01-31 14:39:40,817 <WARNING>: send urban
2023-01-31 14:39:40,818 <WARNING>: send policy
2023-01-31 14:39:40,818 <WARNING>: send creation
2023-01-31 14:39:40,818 <WARNING>: send surveyor
2023-01-31 14:39:40,818 <WARNING>: send inspiration
2023-01-31 14:39:40,818 <WARNING>: send revelation
2023-01-31 14:39:40,818 <WARNING>: send grove
2023-01-31 14:39:40,819 <WARNING>: send preserve
2023-01-31 14:39:40,819 <WARNING>: send envoy
2023-01-31 14:39:40,819 <WARNING>: send entertainment complex
2023-01-31 14:39:40,819 <WARNING>: send complex
2023-01-31 14:39:40,819 <WARNING>: send classical republic
2023-01-31 14:39:40,820 <WARNING>: send square
2023-01-31 14:39:40,820 <WARNING>: send literary
2023-01-31 14:39:40,820 <WARNING>: send tradition
2023-01-31 14:39:40,820 <WARNING>: send slot
2023-01-31 14:39:40,820 <WARNING>: send league
2023-01-31 14:39:40,820 <WARNING>: send charismatic
2023-01-31 14:39:40,821 <WARNING>: send mysticism
2023-01-31 14:39:40,821 <WARNING>: send declare
2023-01-31 14:39:40,821 <WARNING>: send protectorate
2023-01-31 14:39:40,821 <WARNING>: send reconquest
2023-01-31 14:39:40,821 <WARNING>: send natural
2023-01-31 14:39:40,822 <WARNING>: send praetorium
2023-01-31 14:39:40,822 <WARNING>: send retainer
2023-01-31 14:39:40,822 <WARNING>: send prestige
2023-01-31 14:39:40,822 <WARNING>: send civil
2023-01-31 14:39:40,822 <WARNING>: send monarchy
2023-01-31 14:39:40,822 <WARNING>: send monarch
2023-01-31 14:39:40,823 <WARNING>: send divine right
2023-01-31 14:39:40,823 <WARNING>: send civil service
2023-01-31 14:39:40,823 <WARNING>: send service
2023-01-31 14:39:40,823 <WARNING>: send gothic
2023-01-31 14:39:40,823 <WARNING>: send architecture
2023-01-31 14:39:40,824 <WARNING>: send gothic architecture
2023-01-31 14:39:40,824 <WARNING>: send chivalry
2023-01-31 14:39:40,824 <WARNING>: send quadrireme
2023-01-31 14:41:03,688 <INFO>: 客户端: ('192.168.1.103', 46344) 链接, 分派线程 Englite3TCP_3
2023-01-31 14:41:03,692 <INFO>: Englite3TCP_3 addr=('192.168.1.103', 46344) username=whis 身份验证成功
2023-01-31 14:41:03,692 <INFO>: Englite3TCP_3 addr=('192.168.1.103', 46344) query database list.
2023-01-31 14:41:03,692 <INFO>: 线程Englite3TCP_3socket已关闭. 且线程结束
2023-01-31 14:41:05,106 <INFO>: 客户端: ('192.168.1.103', 46348) 链接, 分派线程 Englite3TCP_4
2023-01-31 14:41:05,110 <INFO>: Englite3TCP_4 addr=('192.168.1.103', 46348) username=whis 身份验证成功
2023-01-31 14:41:05,110 <INFO>: Englite3TCP_4 addr=('192.168.1.103', 46348) wanna download database, name = civi.db
2023-01-31 14:41:05,111 <WARNING>: send settler
2023-01-31 14:41:05,112 <WARNING>: send continent
2023-01-31 14:41:05,112 <WARNING>: send warrior
2023-01-31 14:41:05,112 <WARNING>: send tile
2023-01-31 14:41:05,112 <WARNING>: send found
2023-01-31 14:41:05,113 <WARNING>: send monument
2023-01-31 14:41:05,113 <WARNING>: send scout
2023-01-31 14:41:05,113 <WARNING>: send husbandry
2023-01-31 14:41:05,113 <WARNING>: send pasture
2023-01-31 14:41:05,113 <WARNING>: send desert
2023-01-31 14:41:05,114 <WARNING>: send floodplain
2023-01-31 14:41:05,114 <WARNING>: send pottery
2023-01-31 14:41:05,114 <WARNING>: send luxury
2023-01-31 14:41:05,114 <WARNING>: send honey
2023-01-31 14:41:05,114 <WARNING>: send code of laws
2023-01-31 14:41:05,115 <WARNING>: send faith
2023-01-31 14:41:05,115 <WARNING>: send recon
2023-01-31 14:41:05,115 <WARNING>: send combat
2023-01-31 14:41:05,115 <WARNING>: send granary
2023-01-31 14:41:05,116 <WARNING>: send maize
2023-01-31 14:41:05,116 <WARNING>: send economic
2023-01-31 14:41:05,116 <WARNING>: send military
2023-01-31 14:41:05,116 <WARNING>: send maritime industries
2023-01-31 14:41:05,116 <WARNING>: send maritime
2023-01-31 14:41:05,117 <WARNING>: send industry
2023-01-31 14:41:05,117 <WARNING>: send joint
2023-01-31 14:41:05,117 <WARNING>: send ongoing
2023-01-31 14:41:05,117 <WARNING>: send order
2023-01-31 14:41:05,118 <WARNING>: send naval
2023-01-31 14:41:05,118 <WARNING>: send quarry
2023-01-31 14:41:05,118 <WARNING>: send chop
2023-01-31 14:41:05,118 <WARNING>: send copper
2023-01-31 14:41:05,118 <WARNING>: send craftmanship
2023-01-31 14:41:05,119 <WARNING>: send agoge
2023-01-31 14:41:05,119 <WARNING>: send rainforest
2023-01-31 14:41:05,119 <WARNING>: send wheat
2023-01-31 14:41:05,119 <WARNING>: send jade
2023-01-31 14:41:05,120 <WARNING>: send incense
2023-01-31 14:41:05,120 <WARNING>: send recommended
2023-01-31 14:41:05,120 <WARNING>: send improvement
2023-01-31 14:41:05,120 <WARNING>: send olives
2023-01-31 14:41:05,120 <WARNING>: send trader
2023-01-31 14:41:05,121 <WARNING>: send slinger
2023-01-31 14:41:05,121 <WARNING>: send sling
2023-01-31 14:41:05,121 <WARNING>: send tundra
2023-01-31 14:41:05,121 <WARNING>: send tobacco
2023-01-31 14:41:05,121 <WARNING>: send cattle
2023-01-31 14:41:05,122 <WARNING>: send salt
2023-01-31 14:41:05,122 <WARNING>: send amber
2023-01-31 14:41:05,122 <WARNING>: send crab
2023-01-31 14:41:05,122 <WARNING>: send campus
2023-01-31 14:41:05,123 <WARNING>: send library
2023-01-31 14:41:05,123 <WARNING>: send grassland
2023-01-31 14:41:05,123 <WARNING>: send geothermal
2023-01-31 14:41:05,123 <WARNING>: send fissure
2023-01-31 14:41:05,123 <WARNING>: send sugar
2023-01-31 14:41:05,124 <WARNING>: send empire
2023-01-31 14:41:05,124 <WARNING>: send diplomatic
2023-01-31 14:41:05,124 <WARNING>: send duke
2023-01-31 14:41:05,124 <WARNING>: send delegation
2023-01-31 14:41:05,124 <WARNING>: send commend
2023-01-31 14:41:05,124 <WARNING>: send aid
2023-01-31 14:41:05,125 <WARNING>: send city-state
2023-01-31 14:41:05,125 <WARNING>: send whale
2023-01-31 14:41:05,125 <WARNING>: send colonization
2023-01-31 14:41:05,125 <WARNING>: send governor
2023-01-31 14:41:05,125 <WARNING>: send commercial
2023-01-31 14:41:05,126 <WARNING>: send hub
2023-01-31 14:41:05,126 <WARNING>: send aurora
2023-01-31 14:41:05,126 <WARNING>: send divine
2023-01-31 14:41:05,126 <WARNING>: send idol
2023-01-31 14:41:05,126 <WARNING>: send religious
2023-01-31 14:41:05,127 <WARNING>: send festival
2023-01-31 14:41:05,127 <WARNING>: send initiation
2023-01-31 14:41:05,127 <WARNING>: send rite
2023-01-31 14:41:05,127 <WARNING>: send initiation rites
2023-01-31 14:41:05,127 <WARNING>: send craftsmen
2023-01-31 14:41:05,127 <WARNING>: send patron
2023-01-31 14:41:05,128 <WARNING>: send goddess
2023-01-31 14:41:05,128 <WARNING>: send spark
2023-01-31 14:41:05,128 <WARNING>: send cliff
2023-01-31 14:41:05,128 <WARNING>: send furs
2023-01-31 14:41:05,128 <WARNING>: send antarctic
2023-01-31 14:41:05,128 <WARNING>: send award
2023-01-31 14:41:05,129 <WARNING>: send plaza
2023-01-31 14:41:05,129 <WARNING>: send district
2023-01-31 14:41:05,129 <WARNING>: send conscription
2023-01-31 14:41:05,130 <WARNING>: send conscript
2023-01-31 14:41:05,130 <WARNING>: send corvee
2023-01-31 14:41:05,130 <WARNING>: send state
2023-01-31 14:41:05,130 <WARNING>: send era
2023-01-31 14:41:05,130 <WARNING>: send ancient
2023-01-31 14:41:05,130 <WARNING>: send classical
2023-01-31 14:41:05,131 <WARNING>: send mining
2023-01-31 14:41:05,131 <WARNING>: send opportunity
2023-01-31 14:41:05,131 <WARNING>: send archery
2023-01-31 14:41:05,131 <WARNING>: send caravansary
2023-01-31 14:41:05,131 <WARNING>: send wine
2023-01-31 14:41:05,131 <WARNING>: send marsh
2023-01-31 14:41:05,132 <WARNING>: send astrology
2023-01-31 14:41:05,132 <WARNING>: send cotton
2023-01-31 14:41:05,132 <WARNING>: send political
2023-01-31 14:41:05,132 <WARNING>: send philosophy
2023-01-31 14:41:05,132 <WARNING>: send masonry
2023-01-31 14:41:05,133 <WARNING>: send diamond
2023-01-31 14:41:05,133 <WARNING>: send oligarchy
2023-01-31 14:41:05,133 <WARNING>: send autocracy
2023-01-31 14:41:05,133 <WARNING>: send cracy
2023-01-31 14:41:05,133 <WARNING>: send irrigation
2023-01-31 14:41:05,133 <WARNING>: send plantation
2023-01-31 14:41:05,134 <WARNING>: send currency
2023-01-31 14:41:05,134 <WARNING>: send canal
2023-01-31 14:41:05,134 <WARNING>: send maneuver
2023-01-31 14:41:05,134 <WARNING>: send gypsum
2023-01-31 14:41:05,134 <WARNING>: send stable
2023-01-31 14:41:05,134 <WARNING>: send meteor
2023-01-31 14:41:05,135 <WARNING>: send bronze
2023-01-31 14:41:05,135 <WARNING>: send barrack
2023-01-31 14:41:05,135 <WARNING>: send encampment
2023-01-31 14:41:05,135 <WARNING>: send spearman
2023-01-31 14:41:05,135 <WARNING>: send recreation
2023-01-31 14:41:05,136 <WARNING>: send entertainment
2023-01-31 14:41:05,136 <WARNING>: send arena
2023-01-31 14:41:05,136 <WARNING>: send folklore
2023-01-31 14:41:05,136 <WARNING>: send religion
2023-01-31 14:41:05,136 <WARNING>: send drama
2023-01-31 14:41:05,136 <WARNING>: send poetry
2023-01-31 14:41:05,137 <WARNING>: send amphitheater
2023-01-31 14:41:05,137 <WARNING>: send horseman
2023-01-31 14:41:05,137 <WARNING>: send mathematics
2023-01-31 14:41:05,137 <WARNING>: send consulate
2023-01-31 14:41:05,137 <WARNING>: send engineering
2023-01-31 14:41:05,138 <WARNING>: send swordsman
2023-01-31 14:41:05,138 <WARNING>: send water mill
2023-01-31 14:41:05,138 <WARNING>: send mill
2023-01-31 14:41:05,138 <WARNING>: send chariot
2023-01-31 14:41:05,138 <WARNING>: send lavra
2023-01-31 14:41:05,138 <WARNING>: send galley
2023-01-31 14:41:05,139 <WARNING>: send quarter
2023-01-31 14:41:05,139 <WARNING>: send theology
2023-01-31 14:41:05,139 <WARNING>: send temple
2023-01-31 14:41:05,139 <WARNING>: send scripture
2023-01-31 14:41:05,139 <WARNING>: send bastion
2023-01-31 14:41:05,139 <WARNING>: send limes
2023-01-31 14:41:05,140 <WARNING>: send defensive
2023-01-31 14:41:05,140 <WARNING>: send tactic
2023-01-31 14:41:05,140 <WARNING>: send feudalism
2023-01-31 14:41:05,140 <WARNING>: send feudal
2023-01-31 14:41:05,140 <WARNING>: send contract
2023-01-31 14:41:05,140 <WARNING>: send serfdom
2023-01-31 14:41:05,141 <WARNING>: send apprenticeship
2023-01-31 14:41:05,141 <WARNING>: send workshop
2023-01-31 14:41:05,141 <WARNING>: send amenity
2023-01-31 14:41:05,141 <WARNING>: send celestial
2023-01-31 14:41:05,141 <WARNING>: send navigation
2023-01-31 14:41:05,141 <WARNING>: send lighthouse
2023-01-31 14:41:05,142 <WARNING>: send harbor
2023-01-31 14:41:05,142 <WARNING>: send aqueduct
2023-01-31 14:41:05,142 <WARNING>: send strategic
2023-01-31 14:41:05,142 <WARNING>: send melee
2023-01-31 14:41:05,142 <WARNING>: send ranged
2023-01-31 14:41:05,142 <WARNING>: send condemn
2023-01-31 14:41:05,143 <WARNING>: send boat
2023-01-31 14:41:05,143 <WARNING>: send shrine
2023-01-31 14:41:05,143 <WARNING>: send holy
2023-01-31 14:41:05,143 <WARNING>: send horse
2023-01-31 14:41:05,143 <WARNING>: send deer
2023-01-31 14:41:05,144 <WARNING>: send mine
2023-01-31 14:41:05,144 <WARNING>: send batter
2023-01-31 14:41:05,144 <WARNING>: send ram
2023-01-31 14:41:05,144 <WARNING>: send battering ram
2023-01-31 14:41:05,144 <WARNING>: send iron
2023-01-31 14:41:05,144 <WARNING>: send camp
2023-01-31 14:41:05,145 <WARNING>: send fish
2023-01-31 14:41:05,145 <WARNING>: send market
2023-01-31 14:41:05,145 <WARNING>: send lumber
2023-01-31 14:41:05,145 <WARNING>: send lumber mill
2023-01-31 14:41:05,145 <WARNING>: send catapult
2023-01-31 14:41:05,145 <WARNING>: send mounted
2023-01-31 14:41:05,146 <WARNING>: send man at arms
2023-01-31 14:41:05,146 <WARNING>: send horseback
2023-01-31 14:41:05,146 <WARNING>: send horseback riding
2023-01-31 14:41:05,146 <WARNING>: send celestial navigation
2023-01-31 14:41:05,146 <WARNING>: send wheel
2023-01-31 14:41:05,146 <WARNING>: send sailing
2023-01-31 14:41:05,147 <WARNING>: send embark
2023-01-31 14:41:05,147 <WARNING>: send bonus
2023-01-31 14:41:05,147 <WARNING>: send harvest
2023-01-31 14:41:05,147 <WARNING>: send wood
2023-01-31 14:41:05,147 <WARNING>: send reveal
2023-01-31 14:41:05,147 <WARNING>: send stone
2023-01-31 14:41:05,148 <WARNING>: send movement
2023-01-31 14:41:05,148 <WARNING>: send shipbuilding
2023-01-31 14:41:05,148 <WARNING>: send discipline
2023-01-31 14:41:05,148 <WARNING>: send survey
2023-01-31 14:41:05,148 <WARNING>: send urban planning
2023-01-31 14:41:05,149 <WARNING>: send urban
2023-01-31 14:41:05,149 <WARNING>: send policy
2023-01-31 14:41:05,149 <WARNING>: send creation
2023-01-31 14:41:05,149 <WARNING>: send surveyor
2023-01-31 14:41:05,149 <WARNING>: send inspiration
2023-01-31 14:41:05,149 <WARNING>: send revelation
2023-01-31 14:41:05,150 <WARNING>: send grove
2023-01-31 14:41:05,150 <WARNING>: send preserve
2023-01-31 14:41:05,150 <WARNING>: send envoy
2023-01-31 14:41:05,150 <WARNING>: send entertainment complex
2023-01-31 14:41:05,150 <WARNING>: send complex
2023-01-31 14:41:05,151 <WARNING>: send classical republic
2023-01-31 14:41:05,151 <WARNING>: send square
2023-01-31 14:41:05,151 <WARNING>: send literary
2023-01-31 14:41:05,151 <WARNING>: send tradition
2023-01-31 14:41:05,151 <WARNING>: send slot
2023-01-31 14:41:05,152 <WARNING>: send league
2023-01-31 14:41:05,152 <WARNING>: send charismatic
2023-01-31 14:41:05,152 <WARNING>: send mysticism
2023-01-31 14:41:05,152 <WARNING>: send declare
2023-01-31 14:41:05,152 <WARNING>: send protectorate
2023-01-31 14:41:05,152 <WARNING>: send reconquest
2023-01-31 14:41:05,153 <WARNING>: send natural
2023-01-31 14:41:05,153 <WARNING>: send praetorium
2023-01-31 14:41:05,153 <WARNING>: send retainer
2023-01-31 14:41:05,153 <WARNING>: send prestige
2023-01-31 14:41:05,153 <WARNING>: send civil
2023-01-31 14:41:05,153 <WARNING>: send monarchy
2023-01-31 14:41:05,154 <WARNING>: send monarch
2023-01-31 14:41:05,154 <WARNING>: send divine right
2023-01-31 14:41:05,154 <WARNING>: send civil service
2023-01-31 14:41:05,154 <WARNING>: send service
2023-01-31 14:41:05,154 <WARNING>: send gothic
2023-01-31 14:41:05,154 <WARNING>: send architecture
2023-01-31 14:41:05,155 <WARNING>: send gothic architecture
2023-01-31 14:41:05,155 <WARNING>: send chivalry
2023-01-31 14:41:05,155 <WARNING>: send quadrireme
2023-01-31 14:41:58,701 <INFO>: 客户端: ('192.168.1.103', 46382) 链接, 分派线程 Englite3TCP_5
2023-01-31 14:41:58,706 <INFO>: Englite3TCP_5 addr=('192.168.1.103', 46382) username=whis 身份验证成功
2023-01-31 14:41:58,706 <INFO>: Englite3TCP_5 addr=('192.168.1.103', 46382) query database list.
2023-01-31 14:41:58,707 <INFO>: 线程Englite3TCP_5socket已关闭. 且线程结束
2023-01-31 14:42:02,837 <INFO>: 客户端: ('192.168.1.103', 46402) 链接, 分派线程 Englite3TCP_6
2023-01-31 14:42:02,842 <INFO>: Englite3TCP_6 addr=('192.168.1.103', 46402) username=whis 身份验证成功
2023-01-31 14:42:02,843 <INFO>: Englite3TCP_6 addr=('192.168.1.103', 46402) wanna download database, name = civi.db
2023-01-31 14:42:02,847 <WARNING>: send settler
2023-01-31 14:42:02,848 <WARNING>: send continent
2023-01-31 14:42:02,848 <WARNING>: send warrior
2023-01-31 14:42:02,849 <WARNING>: send tile
2023-01-31 14:42:02,849 <WARNING>: send found
2023-01-31 14:42:02,850 <WARNING>: send monument
2023-01-31 14:42:02,851 <WARNING>: send scout
2023-01-31 14:42:02,851 <WARNING>: send husbandry
2023-01-31 14:42:02,851 <WARNING>: send pasture
2023-01-31 14:42:02,852 <WARNING>: send desert
2023-01-31 14:42:02,852 <WARNING>: send floodplain
2023-01-31 14:42:02,852 <WARNING>: send pottery
2023-01-31 14:42:02,852 <WARNING>: send luxury
2023-01-31 14:42:02,852 <WARNING>: send honey
2023-01-31 14:42:02,853 <WARNING>: send code of laws
2023-01-31 14:42:02,853 <WARNING>: send faith
2023-01-31 14:42:02,853 <WARNING>: send recon
2023-01-31 14:42:02,854 <WARNING>: send combat
2023-01-31 14:42:02,854 <WARNING>: send granary
2023-01-31 14:42:02,854 <WARNING>: send maize
2023-01-31 14:42:02,854 <WARNING>: send economic
2023-01-31 14:42:02,855 <WARNING>: send military
2023-01-31 14:42:02,855 <WARNING>: send maritime industries
2023-01-31 14:42:02,855 <WARNING>: send maritime
2023-01-31 14:42:02,855 <WARNING>: send industry
2023-01-31 14:42:02,856 <WARNING>: send joint
2023-01-31 14:42:02,856 <WARNING>: send ongoing
2023-01-31 14:42:02,856 <WARNING>: send order
2023-01-31 14:42:02,856 <WARNING>: send naval
2023-01-31 14:42:02,857 <WARNING>: send quarry
2023-01-31 14:42:02,857 <WARNING>: send chop
2023-01-31 14:42:02,857 <WARNING>: send copper
2023-01-31 14:42:02,857 <WARNING>: send craftmanship
2023-01-31 14:42:02,858 <WARNING>: send agoge
2023-01-31 14:42:02,858 <WARNING>: send rainforest
2023-01-31 14:42:02,858 <WARNING>: send wheat
2023-01-31 14:42:02,858 <WARNING>: send jade
2023-01-31 14:42:02,858 <WARNING>: send incense
2023-01-31 14:42:02,859 <WARNING>: send recommended
2023-01-31 14:42:02,859 <WARNING>: send improvement
2023-01-31 14:42:02,859 <WARNING>: send olives
2023-01-31 14:42:02,859 <WARNING>: send trader
2023-01-31 14:42:02,859 <WARNING>: send slinger
2023-01-31 14:42:02,860 <WARNING>: send sling
2023-01-31 14:42:02,860 <WARNING>: send tundra
2023-01-31 14:42:02,860 <WARNING>: send tobacco
2023-01-31 14:42:02,860 <WARNING>: send cattle
2023-01-31 14:42:02,861 <WARNING>: send salt
2023-01-31 14:42:02,861 <WARNING>: send amber
2023-01-31 14:42:02,861 <WARNING>: send crab
2023-01-31 14:42:02,861 <WARNING>: send campus
2023-01-31 14:42:02,862 <WARNING>: send library
2023-01-31 14:42:02,862 <WARNING>: send grassland
2023-01-31 14:42:02,862 <WARNING>: send geothermal
2023-01-31 14:42:02,862 <WARNING>: send fissure
2023-01-31 14:42:02,862 <WARNING>: send sugar
2023-01-31 14:42:02,863 <WARNING>: send empire
2023-01-31 14:42:02,863 <WARNING>: send diplomatic
2023-01-31 14:42:02,863 <WARNING>: send duke
2023-01-31 14:42:02,863 <WARNING>: send delegation
2023-01-31 14:42:02,863 <WARNING>: send commend
2023-01-31 14:42:02,864 <WARNING>: send aid
2023-01-31 14:42:02,864 <WARNING>: send city-state
2023-01-31 14:42:02,864 <WARNING>: send whale
2023-01-31 14:42:02,864 <WARNING>: send colonization
2023-01-31 14:42:02,865 <WARNING>: send governor
2023-01-31 14:42:02,865 <WARNING>: send commercial
2023-01-31 14:42:02,865 <WARNING>: send hub
2023-01-31 14:42:02,865 <WARNING>: send aurora
2023-01-31 14:42:02,865 <WARNING>: send divine
2023-01-31 14:42:02,865 <WARNING>: send idol
2023-01-31 14:42:02,866 <WARNING>: send religious
2023-01-31 14:42:02,866 <WARNING>: send festival
2023-01-31 14:42:02,866 <WARNING>: send initiation
2023-01-31 14:42:02,866 <WARNING>: send rite
2023-01-31 14:42:02,867 <WARNING>: send initiation rites
2023-01-31 14:42:02,867 <WARNING>: send craftsmen
2023-01-31 14:42:02,867 <WARNING>: send patron
2023-01-31 14:42:02,867 <WARNING>: send goddess
2023-01-31 14:42:02,868 <WARNING>: send spark
2023-01-31 14:42:02,868 <WARNING>: send cliff
2023-01-31 14:42:02,868 <WARNING>: send furs
2023-01-31 14:42:02,868 <WARNING>: send antarctic
2023-01-31 14:42:02,869 <WARNING>: send award
2023-01-31 14:42:02,869 <WARNING>: send plaza
2023-01-31 14:42:02,869 <WARNING>: send district
2023-01-31 14:42:02,870 <WARNING>: send conscription
2023-01-31 14:42:02,870 <WARNING>: send conscript
2023-01-31 14:42:02,870 <WARNING>: send corvee
2023-01-31 14:42:02,870 <WARNING>: send state
2023-01-31 14:42:02,871 <WARNING>: send era
2023-01-31 14:42:02,871 <WARNING>: send ancient
2023-01-31 14:42:02,871 <WARNING>: send classical
2023-01-31 14:42:02,871 <WARNING>: send mining
2023-01-31 14:42:02,871 <WARNING>: send opportunity
2023-01-31 14:42:02,872 <WARNING>: send archery
2023-01-31 14:42:02,872 <WARNING>: send caravansary
2023-01-31 14:42:02,872 <WARNING>: send wine
2023-01-31 14:42:02,872 <WARNING>: send marsh
2023-01-31 14:42:02,873 <WARNING>: send astrology
2023-01-31 14:42:02,873 <WARNING>: send cotton
2023-01-31 14:42:02,873 <WARNING>: send political
2023-01-31 14:42:02,873 <WARNING>: send philosophy
2023-01-31 14:42:02,874 <WARNING>: send masonry
2023-01-31 14:42:02,874 <WARNING>: send diamond
2023-01-31 14:42:02,874 <WARNING>: send oligarchy
2023-01-31 14:42:02,875 <WARNING>: send autocracy
2023-01-31 14:42:02,875 <WARNING>: send cracy
2023-01-31 14:42:02,875 <WARNING>: send irrigation
2023-01-31 14:42:02,875 <WARNING>: send plantation
2023-01-31 14:42:02,876 <WARNING>: send currency
2023-01-31 14:42:02,876 <WARNING>: send canal
2023-01-31 14:42:02,876 <WARNING>: send maneuver
2023-01-31 14:42:02,876 <WARNING>: send gypsum
2023-01-31 14:42:02,877 <WARNING>: send stable
2023-01-31 14:42:02,877 <WARNING>: send meteor
2023-01-31 14:42:02,877 <WARNING>: send bronze
2023-01-31 14:42:02,877 <WARNING>: send barrack
2023-01-31 14:42:02,878 <WARNING>: send encampment
2023-01-31 14:42:02,878 <WARNING>: send spearman
2023-01-31 14:42:02,878 <WARNING>: send recreation
2023-01-31 14:42:02,878 <WARNING>: send entertainment
2023-01-31 14:42:02,879 <WARNING>: send arena
2023-01-31 14:42:02,879 <WARNING>: send folklore
2023-01-31 14:42:02,879 <WARNING>: send religion
2023-01-31 14:42:02,879 <WARNING>: send drama
2023-01-31 14:42:02,880 <WARNING>: send poetry
2023-01-31 14:42:02,880 <WARNING>: send amphitheater
2023-01-31 14:42:02,880 <WARNING>: send horseman
2023-01-31 14:42:02,880 <WARNING>: send mathematics
2023-01-31 14:42:02,880 <WARNING>: send consulate
2023-01-31 14:42:02,881 <WARNING>: send engineering
2023-01-31 14:42:02,881 <WARNING>: send swordsman
2023-01-31 14:42:02,881 <WARNING>: send water mill
2023-01-31 14:42:02,881 <WARNING>: send mill
2023-01-31 14:42:02,882 <WARNING>: send chariot
2023-01-31 14:42:02,882 <WARNING>: send lavra
2023-01-31 14:42:02,882 <WARNING>: send galley
2023-01-31 14:42:02,882 <WARNING>: send quarter
2023-01-31 14:42:02,882 <WARNING>: send theology
2023-01-31 14:42:02,883 <WARNING>: send temple
2023-01-31 14:42:02,883 <WARNING>: send scripture
2023-01-31 14:42:02,884 <WARNING>: send bastion
2023-01-31 14:42:02,884 <WARNING>: send limes
2023-01-31 14:42:02,884 <WARNING>: send defensive
2023-01-31 14:42:02,885 <WARNING>: send tactic
2023-01-31 14:42:02,885 <WARNING>: send feudalism
2023-01-31 14:42:02,885 <WARNING>: send feudal
2023-01-31 14:42:02,888 <WARNING>: send contract
2023-01-31 14:42:02,888 <WARNING>: send serfdom
2023-01-31 14:42:02,889 <WARNING>: send apprenticeship
2023-01-31 14:42:02,889 <WARNING>: send workshop
2023-01-31 14:42:02,889 <WARNING>: send amenity
2023-01-31 14:42:02,889 <WARNING>: send celestial
2023-01-31 14:42:02,890 <WARNING>: send navigation
2023-01-31 14:42:02,890 <WARNING>: send lighthouse
2023-01-31 14:42:02,890 <WARNING>: send harbor
2023-01-31 14:42:02,890 <WARNING>: send aqueduct
2023-01-31 14:42:02,891 <WARNING>: send strategic
2023-01-31 14:42:02,891 <WARNING>: send melee
2023-01-31 14:42:02,891 <WARNING>: send ranged
2023-01-31 14:42:02,891 <WARNING>: send condemn
2023-01-31 14:42:02,892 <WARNING>: send boat
2023-01-31 14:42:02,892 <WARNING>: send shrine
2023-01-31 14:42:02,892 <WARNING>: send holy
2023-01-31 14:42:02,892 <WARNING>: send horse
2023-01-31 14:42:02,892 <WARNING>: send deer
2023-01-31 14:42:02,893 <WARNING>: send mine
2023-01-31 14:42:02,893 <WARNING>: send batter
2023-01-31 14:42:02,893 <WARNING>: send ram
2023-01-31 14:42:02,893 <WARNING>: send battering ram
2023-01-31 14:42:02,893 <WARNING>: send iron
2023-01-31 14:42:02,894 <WARNING>: send camp
2023-01-31 14:42:02,894 <WARNING>: send fish
2023-01-31 14:42:02,894 <WARNING>: send market
2023-01-31 14:42:02,894 <WARNING>: send lumber
2023-01-31 14:42:02,895 <WARNING>: send lumber mill
2023-01-31 14:42:02,895 <WARNING>: send catapult
2023-01-31 14:42:02,895 <WARNING>: send mounted
2023-01-31 14:42:02,895 <WARNING>: send man at arms
2023-01-31 14:42:02,895 <WARNING>: send horseback
2023-01-31 14:42:02,896 <WARNING>: send horseback riding
2023-01-31 14:42:02,896 <WARNING>: send celestial navigation
2023-01-31 14:42:02,896 <WARNING>: send wheel
2023-01-31 14:42:02,896 <WARNING>: send sailing
2023-01-31 14:42:02,896 <WARNING>: send embark
2023-01-31 14:42:02,897 <WARNING>: send bonus
2023-01-31 14:42:02,897 <WARNING>: send harvest
2023-01-31 14:42:02,897 <WARNING>: send wood
2023-01-31 14:42:02,897 <WARNING>: send reveal
2023-01-31 14:42:02,897 <WARNING>: send stone
2023-01-31 14:42:02,898 <WARNING>: send movement
2023-01-31 14:42:02,898 <WARNING>: send shipbuilding
2023-01-31 14:42:02,898 <WARNING>: send discipline
2023-01-31 14:42:02,898 <WARNING>: send survey
2023-01-31 14:42:02,898 <WARNING>: send urban planning
2023-01-31 14:42:02,899 <WARNING>: send urban
2023-01-31 14:42:02,899 <WARNING>: send policy
2023-01-31 14:42:02,899 <WARNING>: send creation
2023-01-31 14:42:02,899 <WARNING>: send surveyor
2023-01-31 14:42:02,899 <WARNING>: send inspiration
2023-01-31 14:42:02,900 <WARNING>: send revelation
2023-01-31 14:42:02,900 <WARNING>: send grove
2023-01-31 14:42:02,900 <WARNING>: send preserve
2023-01-31 14:42:02,900 <WARNING>: send envoy
2023-01-31 14:42:02,901 <WARNING>: send entertainment complex
2023-01-31 14:42:02,901 <WARNING>: send complex
2023-01-31 14:42:02,901 <WARNING>: send classical republic
2023-01-31 14:42:02,901 <WARNING>: send square
2023-01-31 14:42:02,902 <WARNING>: send literary
2023-01-31 14:42:02,902 <WARNING>: send tradition
2023-01-31 14:42:02,902 <WARNING>: send slot
2023-01-31 14:42:02,903 <WARNING>: send league
2023-01-31 14:42:02,903 <WARNING>: send charismatic
2023-01-31 14:42:02,903 <WARNING>: send mysticism
2023-01-31 14:42:02,903 <WARNING>: send declare
2023-01-31 14:42:02,903 <WARNING>: send protectorate
2023-01-31 14:42:02,904 <WARNING>: send reconquest
2023-01-31 14:42:02,904 <WARNING>: send natural
2023-01-31 14:42:02,904 <WARNING>: send praetorium
2023-01-31 14:42:02,904 <WARNING>: send retainer
2023-01-31 14:42:02,905 <WARNING>: send prestige
2023-01-31 14:42:02,905 <WARNING>: send civil
2023-01-31 14:42:02,905 <WARNING>: send monarchy
2023-01-31 14:42:02,905 <WARNING>: send monarch
2023-01-31 14:42:02,906 <WARNING>: send divine right
2023-01-31 14:42:02,906 <WARNING>: send civil service
2023-01-31 14:42:02,906 <WARNING>: send service
2023-01-31 14:42:02,906 <WARNING>: send gothic
2023-01-31 14:42:02,907 <WARNING>: send architecture
2023-01-31 14:42:02,907 <WARNING>: send gothic architecture
2023-01-31 14:42:02,907 <WARNING>: send chivalry
2023-01-31 14:42:02,907 <WARNING>: send quadrireme
2023-01-31 14:45:18,400 <INFO>: 客户端: ('192.168.1.103', 46566) 链接, 分派线程 Englite3TCP_7
2023-01-31 14:45:18,407 <INFO>: Englite3TCP_7 addr=('192.168.1.103', 46566) username=whis 身份验证成功
2023-01-31 14:45:18,408 <INFO>: Englite3TCP_7 addr=('192.168.1.103', 46566) query database list.
2023-01-31 14:45:18,409 <INFO>: 线程Englite3TCP_7socket已关闭. 且线程结束
2023-01-31 14:45:19,803 <INFO>: 客户端: ('192.168.1.103', 46568) 链接, 分派线程 Englite3TCP_8
2023-01-31 14:45:19,810 <INFO>: Englite3TCP_8 addr=('192.168.1.103', 46568) username=whis 身份验证成功
2023-01-31 14:45:19,811 <INFO>: Englite3TCP_8 addr=('192.168.1.103', 46568) wanna download database, name = civi.db
2023-01-31 14:45:19,814 <WARNING>: send settler
2023-01-31 14:45:19,815 <WARNING>: send continent
2023-01-31 14:45:19,815 <WARNING>: send warrior
2023-01-31 14:45:19,815 <WARNING>: send tile
2023-01-31 14:45:19,815 <WARNING>: send found
2023-01-31 14:45:19,816 <WARNING>: send monument
2023-01-31 14:45:19,816 <WARNING>: send scout
2023-01-31 14:45:19,816 <WARNING>: send husbandry
2023-01-31 14:45:19,816 <WARNING>: send pasture
2023-01-31 14:45:19,816 <WARNING>: send desert
2023-01-31 14:45:19,817 <WARNING>: send floodplain
2023-01-31 14:45:19,817 <WARNING>: send pottery
2023-01-31 14:45:19,817 <WARNING>: send luxury
2023-01-31 14:45:19,817 <WARNING>: send honey
2023-01-31 14:45:19,817 <WARNING>: send code of laws
2023-01-31 14:45:19,818 <WARNING>: send faith
2023-01-31 14:45:19,818 <WARNING>: send recon
2023-01-31 14:45:19,818 <WARNING>: send combat
2023-01-31 14:45:19,818 <WARNING>: send granary
2023-01-31 14:45:19,818 <WARNING>: send maize
2023-01-31 14:45:19,819 <WARNING>: send economic
2023-01-31 14:45:19,819 <WARNING>: send military
2023-01-31 14:45:19,819 <WARNING>: send maritime industries
2023-01-31 14:45:19,819 <WARNING>: send maritime
2023-01-31 14:45:19,820 <WARNING>: send industry
2023-01-31 14:45:19,820 <WARNING>: send joint
2023-01-31 14:45:19,820 <WARNING>: send ongoing
2023-01-31 14:45:19,820 <WARNING>: send order
2023-01-31 14:45:19,820 <WARNING>: send naval
2023-01-31 14:45:19,821 <WARNING>: send quarry
2023-01-31 14:45:19,821 <WARNING>: send chop
2023-01-31 14:45:19,821 <WARNING>: send copper
2023-01-31 14:45:19,821 <WARNING>: send craftmanship
2023-01-31 14:45:19,822 <WARNING>: send agoge
2023-01-31 14:45:19,822 <WARNING>: send rainforest
2023-01-31 14:45:19,822 <WARNING>: send wheat
2023-01-31 14:45:19,822 <WARNING>: send jade
2023-01-31 14:45:19,822 <WARNING>: send incense
2023-01-31 14:45:19,823 <WARNING>: send recommended
2023-01-31 14:45:19,823 <WARNING>: send improvement
2023-01-31 14:45:19,823 <WARNING>: send olives
2023-01-31 14:45:19,823 <WARNING>: send trader
2023-01-31 14:45:19,823 <WARNING>: send slinger
2023-01-31 14:45:19,824 <WARNING>: send sling
2023-01-31 14:45:19,824 <WARNING>: send tundra
2023-01-31 14:45:19,824 <WARNING>: send tobacco
2023-01-31 14:45:19,824 <WARNING>: send cattle
2023-01-31 14:45:19,824 <WARNING>: send salt
2023-01-31 14:45:19,825 <WARNING>: send amber
2023-01-31 14:45:19,825 <WARNING>: send crab
2023-01-31 14:45:19,825 <WARNING>: send campus
2023-01-31 14:45:19,825 <WARNING>: send library
2023-01-31 14:45:19,825 <WARNING>: send grassland
2023-01-31 14:45:19,826 <WARNING>: send geothermal
2023-01-31 14:45:19,826 <WARNING>: send fissure
2023-01-31 14:45:19,826 <WARNING>: send sugar
2023-01-31 14:45:19,826 <WARNING>: send empire
2023-01-31 14:45:19,826 <WARNING>: send diplomatic
2023-01-31 14:45:19,827 <WARNING>: send duke
2023-01-31 14:45:19,827 <WARNING>: send delegation
2023-01-31 14:45:19,827 <WARNING>: send commend
2023-01-31 14:45:19,827 <WARNING>: send aid
2023-01-31 14:45:19,828 <WARNING>: send city-state
2023-01-31 14:45:19,828 <WARNING>: send whale
2023-01-31 14:45:19,828 <WARNING>: send colonization
2023-01-31 14:45:19,828 <WARNING>: send governor
2023-01-31 14:45:19,828 <WARNING>: send commercial
2023-01-31 14:45:19,829 <WARNING>: send hub
2023-01-31 14:45:19,829 <WARNING>: send aurora
2023-01-31 14:45:19,829 <WARNING>: send divine
2023-01-31 14:45:19,829 <WARNING>: send idol
2023-01-31 14:45:19,829 <WARNING>: send religious
2023-01-31 14:45:19,829 <WARNING>: send festival
2023-01-31 14:45:19,830 <WARNING>: send initiation
2023-01-31 14:45:19,830 <WARNING>: send rite
2023-01-31 14:45:19,830 <WARNING>: send initiation rites
2023-01-31 14:45:19,830 <WARNING>: send craftsmen
2023-01-31 14:45:19,830 <WARNING>: send patron
2023-01-31 14:45:19,831 <WARNING>: send goddess
2023-01-31 14:45:19,831 <WARNING>: send spark
2023-01-31 14:45:19,831 <WARNING>: send cliff
2023-01-31 14:45:19,831 <WARNING>: send furs
2023-01-31 14:45:19,831 <WARNING>: send antarctic
2023-01-31 14:45:19,832 <WARNING>: send award
2023-01-31 14:45:19,832 <WARNING>: send plaza
2023-01-31 14:45:19,832 <WARNING>: send district
2023-01-31 14:45:19,832 <WARNING>: send conscription
2023-01-31 14:45:19,832 <WARNING>: send conscript
2023-01-31 14:45:19,832 <WARNING>: send corvee
2023-01-31 14:45:19,833 <WARNING>: send state
2023-01-31 14:45:19,833 <WARNING>: send era
2023-01-31 14:45:19,833 <WARNING>: send ancient
2023-01-31 14:45:19,833 <WARNING>: send classical
2023-01-31 14:45:19,833 <WARNING>: send mining
2023-01-31 14:45:19,834 <WARNING>: send opportunity
2023-01-31 14:45:19,834 <WARNING>: send archery
2023-01-31 14:45:19,834 <WARNING>: send caravansary
2023-01-31 14:45:19,834 <WARNING>: send wine
2023-01-31 14:45:19,834 <WARNING>: send marsh
2023-01-31 14:45:19,835 <WARNING>: send astrology
2023-01-31 14:45:19,835 <WARNING>: send cotton
2023-01-31 14:45:19,835 <WARNING>: send political
2023-01-31 14:45:19,835 <WARNING>: send philosophy
2023-01-31 14:45:19,835 <WARNING>: send masonry
2023-01-31 14:45:19,835 <WARNING>: send diamond
2023-01-31 14:45:19,836 <WARNING>: send oligarchy
2023-01-31 14:45:19,836 <WARNING>: send autocracy
2023-01-31 14:45:19,836 <WARNING>: send cracy
2023-01-31 14:45:19,836 <WARNING>: send irrigation
2023-01-31 14:45:19,836 <WARNING>: send plantation
2023-01-31 14:45:19,837 <WARNING>: send currency
2023-01-31 14:45:19,837 <WARNING>: send canal
2023-01-31 14:45:19,837 <WARNING>: send maneuver
2023-01-31 14:45:19,837 <WARNING>: send gypsum
2023-01-31 14:45:19,837 <WARNING>: send stable
2023-01-31 14:45:19,837 <WARNING>: send meteor
2023-01-31 14:45:19,838 <WARNING>: send bronze
2023-01-31 14:45:19,838 <WARNING>: send barrack
2023-01-31 14:45:19,838 <WARNING>: send encampment
2023-01-31 14:45:19,838 <WARNING>: send spearman
2023-01-31 14:45:19,838 <WARNING>: send recreation
2023-01-31 14:45:19,839 <WARNING>: send entertainment
2023-01-31 14:45:19,839 <WARNING>: send arena
2023-01-31 14:45:19,839 <WARNING>: send folklore
2023-01-31 14:45:19,839 <WARNING>: send religion
2023-01-31 14:45:19,839 <WARNING>: send drama
2023-01-31 14:45:19,839 <WARNING>: send poetry
2023-01-31 14:45:19,840 <WARNING>: send amphitheater
2023-01-31 14:45:19,840 <WARNING>: send horseman
2023-01-31 14:45:19,840 <WARNING>: send mathematics
2023-01-31 14:45:19,840 <WARNING>: send consulate
2023-01-31 14:45:19,840 <WARNING>: send engineering
2023-01-31 14:45:19,841 <WARNING>: send swordsman
2023-01-31 14:45:19,841 <WARNING>: send water mill
2023-01-31 14:45:19,841 <WARNING>: send mill
2023-01-31 14:45:19,841 <WARNING>: send chariot
2023-01-31 14:45:19,841 <WARNING>: send lavra
2023-01-31 14:45:19,842 <WARNING>: send galley
2023-01-31 14:45:19,842 <WARNING>: send quarter
2023-01-31 14:45:19,842 <WARNING>: send theology
2023-01-31 14:45:19,842 <WARNING>: send temple
2023-01-31 14:45:19,842 <WARNING>: send scripture
2023-01-31 14:45:19,843 <WARNING>: send bastion
2023-01-31 14:45:19,843 <WARNING>: send limes
2023-01-31 14:45:19,843 <WARNING>: send defensive
2023-01-31 14:45:19,843 <WARNING>: send tactic
2023-01-31 14:45:19,843 <WARNING>: send feudalism
2023-01-31 14:45:19,844 <WARNING>: send feudal
2023-01-31 14:45:19,844 <WARNING>: send contract
2023-01-31 14:45:19,844 <WARNING>: send serfdom
2023-01-31 14:45:19,844 <WARNING>: send apprenticeship
2023-01-31 14:45:19,845 <WARNING>: send workshop
2023-01-31 14:45:19,845 <WARNING>: send amenity
2023-01-31 14:45:19,845 <WARNING>: send celestial
2023-01-31 14:45:19,845 <WARNING>: send navigation
2023-01-31 14:45:19,845 <WARNING>: send lighthouse
2023-01-31 14:45:19,846 <WARNING>: send harbor
2023-01-31 14:45:19,846 <WARNING>: send aqueduct
2023-01-31 14:45:19,846 <WARNING>: send strategic
2023-01-31 14:45:19,846 <WARNING>: send melee
2023-01-31 14:45:19,846 <WARNING>: send ranged
2023-01-31 14:45:19,847 <WARNING>: send condemn
2023-01-31 14:45:19,847 <WARNING>: send boat
2023-01-31 14:45:19,847 <WARNING>: send shrine
2023-01-31 14:45:19,847 <WARNING>: send holy
2023-01-31 14:45:19,847 <WARNING>: send horse
2023-01-31 14:45:19,847 <WARNING>: send deer
2023-01-31 14:45:19,848 <WARNING>: send mine
2023-01-31 14:45:19,848 <WARNING>: send batter
2023-01-31 14:45:19,848 <WARNING>: send ram
2023-01-31 14:45:19,848 <WARNING>: send battering ram
2023-01-31 14:45:19,848 <WARNING>: send iron
2023-01-31 14:45:19,849 <WARNING>: send camp
2023-01-31 14:45:19,849 <WARNING>: send fish
2023-01-31 14:45:19,849 <WARNING>: send market
2023-01-31 14:45:19,849 <WARNING>: send lumber
2023-01-31 14:45:19,849 <WARNING>: send lumber mill
2023-01-31 14:45:19,850 <WARNING>: send catapult
2023-01-31 14:45:19,850 <WARNING>: send mounted
2023-01-31 14:45:19,850 <WARNING>: send man at arms
2023-01-31 14:45:19,850 <WARNING>: send horseback
2023-01-31 14:45:19,850 <WARNING>: send horseback riding
2023-01-31 14:45:19,850 <WARNING>: send celestial navigation
2023-01-31 14:45:19,851 <WARNING>: send wheel
2023-01-31 14:45:19,851 <WARNING>: send sailing
2023-01-31 14:45:19,851 <WARNING>: send embark
2023-01-31 14:45:19,851 <WARNING>: send bonus
2023-01-31 14:45:19,851 <WARNING>: send harvest
2023-01-31 14:45:19,852 <WARNING>: send wood
2023-01-31 14:45:19,852 <WARNING>: send reveal
2023-01-31 14:45:19,852 <WARNING>: send stone
2023-01-31 14:45:19,852 <WARNING>: send movement
2023-01-31 14:45:19,852 <WARNING>: send shipbuilding
2023-01-31 14:45:19,852 <WARNING>: send discipline
2023-01-31 14:45:19,853 <WARNING>: send survey
2023-01-31 14:45:19,853 <WARNING>: send urban planning
2023-01-31 14:45:19,853 <WARNING>: send urban
2023-01-31 14:45:19,853 <WARNING>: send policy
2023-01-31 14:45:19,853 <WARNING>: send creation
2023-01-31 14:45:19,854 <WARNING>: send surveyor
2023-01-31 14:45:19,854 <WARNING>: send inspiration
2023-01-31 14:45:19,854 <WARNING>: send revelation
2023-01-31 14:45:19,854 <WARNING>: send grove
2023-01-31 14:45:19,854 <WARNING>: send preserve
2023-01-31 14:45:19,855 <WARNING>: send envoy
2023-01-31 14:45:19,855 <WARNING>: send entertainment complex
2023-01-31 14:45:19,855 <WARNING>: send complex
2023-01-31 14:45:19,855 <WARNING>: send classical republic
2023-01-31 14:45:19,855 <WARNING>: send square
2023-01-31 14:45:19,855 <WARNING>: send literary
2023-01-31 14:45:19,856 <WARNING>: send tradition
2023-01-31 14:45:19,856 <WARNING>: send slot
2023-01-31 14:45:19,856 <WARNING>: send league
2023-01-31 14:45:19,856 <WARNING>: send charismatic
2023-01-31 14:45:19,856 <WARNING>: send mysticism
2023-01-31 14:45:19,857 <WARNING>: send declare
2023-01-31 14:45:19,857 <WARNING>: send protectorate
2023-01-31 14:45:19,857 <WARNING>: send reconquest
2023-01-31 14:45:19,857 <WARNING>: send natural
2023-01-31 14:45:19,857 <WARNING>: send praetorium
2023-01-31 14:45:19,858 <WARNING>: send retainer
2023-01-31 14:45:19,858 <WARNING>: send prestige
2023-01-31 14:45:19,858 <WARNING>: send civil
2023-01-31 14:45:19,858 <WARNING>: send monarchy
2023-01-31 14:45:19,858 <WARNING>: send monarch
2023-01-31 14:45:19,859 <WARNING>: send divine right
2023-01-31 14:45:19,859 <WARNING>: send civil service
2023-01-31 14:45:19,859 <WARNING>: send service
2023-01-31 14:45:19,859 <WARNING>: send gothic
2023-01-31 14:45:19,859 <WARNING>: send architecture
2023-01-31 14:45:19,860 <WARNING>: send gothic architecture
2023-01-31 14:45:19,860 <WARNING>: send chivalry
2023-01-31 14:45:19,860 <WARNING>: send quadrireme
