2023-01-31 14:24:59,493 <INFO>: 服务器已开启, ip:0.0.0.0 port:37202
2023-01-31 14:27:29,944 <INFO>: 客户端: ('192.168.1.103', 45588) 链接, 分派线程 Englite3TCP_1
2023-01-31 14:27:29,952 <INFO>: Englite3TCP_1 addr=('192.168.1.103', 45588) username=whis 身份验证成功
2023-01-31 14:27:29,953 <INFO>: Englite3TCP_1 addr=('192.168.1.103', 45588) wanna download database, name = civi.db
2023-01-31 14:27:30,092 <WARNING>: send code of laws_#>_<#_法典_#>_<#__#>_<#_miner&#39;s code of laws矿山规程
code of laws detail中法典
code of laws phrase法典_#>_<#_8_#>_<#_3_#>_<#_0_#QuQ#_
2023-01-31 14:27:30,208 <WARNING>: send craftmanship_#>_<#_n.技术；技艺_#>_<#__#>_<#_of Craftmanship技巧之
Code Craftmanship编码技术类
fine craftmanship工艺精良_#>_<#_5_#>_<#_3_#>_<#_0_#QuQ#_
2023-01-31 14:27:30,546 <WARNING>: send water mill_#>_<#_水磨，水力磨粉机_#>_<#__#>_<#_tide-water mill海运材制材厂
Water Mill films金刚石磨片磨具
Water Mill Seclusion水磨坊隐逸_#>_<#_7_#>_<#_3_#>_<#_0_#QuQ#_
2023-01-31 14:27:30,554 <WARNING>: send lavra_#>_<#_n.（Lavra）人名；（俄、意）拉夫拉_#>_<#__#>_<#_beco da lavra耕围_#>_<#_6_#>_<#_3_#>_<#_0_#QuQ#_
2023-01-31 14:27:30,667 <WARNING>: send lumber mill_#>_<#_伐木场；木材厂_#>_<#__#>_<#_lumber-mill锯木场
Build a Lumber Mill建造一座伐木场
lumber mill manager木材厂经理_#>_<#_2_#>_<#_1_#>_<#_0_#QuQ#_
2023-01-31 14:27:30,672 <WARNING>: send man at arms_#>_<#_战士
武器人间（电视剧，ManAtArms）_#>_<#__#>_<#_man-at-arms重骑兵;士兵;战士
Swadian Man at Arms芮尔典骑士
mounted man-at-arms骑兵_#>_<#_4_#>_<#_2_#>_<#_0_#QuQ#_
2023-01-31 14:27:30,678 <WARNING>: send celestial navigation_#>_<#_[水运]天文导航_#>_<#__#>_<#_radio celestial navigation system射电天文导航系统;无线电天文导航系统
celestial navigation aids天体导航设备
celestial navigation system天文导航系统_#>_<#_2_#>_<#_1_#>_<#_0_#QuQ#_
2023-01-31 14:27:30,716 <WARNING>: send urban planning_#>_<#_[建]城市规划；城镇规划_#>_<#__#>_<#_Urban Planning Society of China中国城市规划学会;城市规划学会
urban planning administration城市规划管理;城市规划行政管理部门;城市规划;都会规划管理
urban planning area城市规划区;都会规划区_#>_<#_2_#>_<#_1_#>_<#_0_#QuQ#_
2023-01-31 14:27:30,745 <WARNING>: send entertainment complex_#>_<#_娱乐中心_#>_<#__#>_<#_Crown Entertainment Complex皇冠逍遥之都;之都
Hollywood &amp; Highland entertainment complex高地娱乐广场;好莱坞高地娱乐广场;文娱广场
Burswood Entertainment Complex波斯伍德娱乐中心;宝活娱乐中心_#>_<#_1_#>_<#_1_#>_<#_0_#QuQ#_
2023-01-31 14:27:30,748 <WARNING>: send classical republic_#>_<#_古典共和_#>_<#__#>_<#_classical ideal of republic古典共和_#>_<#_1_#>_<#_1_#>_<#_0_#QuQ#_
2023-01-31 14:27:30,773 <WARNING>: send reconquest_#>_<#_n.再征服；夺回_#>_<#__#>_<#_Afterfall Reconquest劫后余生夺回;英文名称_#>_<#_0_#>_<#_0_#>_<#_0_#QuQ#_
2023-01-31 14:27:30,795 <WARNING>: send civil service_#>_<#_公务员；行政部门_#>_<#__#>_<#_civil service exam公务员考试;考试宝典;公务员联考
International Civil Service Commission国际公务员制度委员会
civil service examination公务员考试;公务人员考试_#>_<#_0_#>_<#_0_#>_<#_0_#QuQ#_
2023-01-31 14:27:30,804 <WARNING>: send gothic architecture_#>_<#_[建]哥特式建筑_#>_<#__#>_<#_Gothic architecture and art哥特式艺术
the gothic architecture哥特建筑
Gothic Revival style architecture哥德复兴式建筑_#>_<#_0_#>_<#_0_#>_<#_0_#QuQ#_
